<?xml version="1.0" encoding="UTF-8"?>
<!-- Generated by org.testng.reporters.JUnitReportReporter -->
<testsuite skipped="0" hostname="User-PC" name="com.automation.test.TestCase" tests="1" failures="0" timestamp="08 Jul 2021 10:45:26 GMT" time="41.204" errors="0">
  <testcase name="TestMethod" time="41.204" classname="com.automation.test.TestCase"/>
</testsuite> <!-- com.automation.test.TestCase -->
